  main.cpp
C:\Users\Тимур\Desktop\классы\class12\3.h(27,10): warning C4566: символ, представленный универсальным именем символа "\u00C2", невозможно представить в текущей кодовой странице (1251)
C:\Users\Тимур\Desktop\классы\class12\3.h(27,10): warning C4566: символ, представленный универсальным именем символа "\u00E2", невозможно представить в текущей кодовой странице (1251)
C:\Users\Тимур\Desktop\классы\class12\3.h(27,10): warning C4566: символ, представленный универсальным именем символа "\u00EE", невозможно представить в текущей кодовой странице (1251)
C:\Users\Тимур\Desktop\классы\class12\3.h(27,10): warning C4566: символ, представленный универсальным именем символа "\u00E4", невозможно представить в текущей кодовой странице (1251)
C:\Users\Тимур\Desktop\классы\class12\3.h(27,10): warning C4566: символ, представленный универсальным именем символа "\u00E8", невозможно представить в текущей кодовой странице (1251)
C:\Users\Тимур\Desktop\классы\class12\3.h(27,10): warning C4566: символ, представленный универсальным именем символа "\u00F2", невозможно представить в текущей кодовой странице (1251)
C:\Users\Тимур\Desktop\классы\class12\3.h(27,10): warning C4566: символ, представленный универсальным именем символа "\u00E5", невозможно представить в текущей кодовой странице (1251)
C:\Users\Тимур\Desktop\классы\class12\3.h(27,10): warning C4566: символ, представленный универсальным именем символа "\u00E0", невозможно представить в текущей кодовой странице (1251)
C:\Users\Тимур\Desktop\классы\class12\3.h(27,10): warning C4566: символ, представленный универсальным именем символа "\u00ED", невозможно представить в текущей кодовой странице (1251)
C:\Users\Тимур\Desktop\классы\class12\3.h(27,10): warning C4566: символ, представленный универсальным именем символа "\u00FB", невозможно представить в текущей кодовой странице (1251)
C:\Users\Тимур\Desktop\классы\class12\3.h(111,10): warning C4566: символ, представленный универсальным именем символа "\u00C4", невозможно представить в текущей кодовой странице (1251)
C:\Users\Тимур\Desktop\классы\class12\3.h(111,10): warning C4566: символ, представленный универсальным именем символа "\u00EE", невозможно представить в текущей кодовой странице (1251)
C:\Users\Тимур\Desktop\классы\class12\3.h(111,10): warning C4566: символ, представленный универсальным именем символа "\u00E1", невозможно представить в текущей кодовой странице (1251)
C:\Users\Тимур\Desktop\классы\class12\3.h(111,10): warning C4566: символ, представленный универсальным именем символа "\u00E0", невозможно представить в текущей кодовой странице (1251)
C:\Users\Тимур\Desktop\классы\class12\3.h(111,10): warning C4566: символ, представленный универсальным именем символа "\u00E2", невозможно представить в текущей кодовой странице (1251)
C:\Users\Тимур\Desktop\классы\class12\3.h(111,10): warning C4566: символ, представленный универсальным именем символа "\u00E8", невозможно представить в текущей кодовой странице (1251)
C:\Users\Тимур\Desktop\классы\class12\3.h(111,10): warning C4566: символ, представленный универсальным именем символа "\u00EC", невозможно представить в текущей кодовой странице (1251)
C:\Users\Тимур\Desktop\классы\class12\3.h(111,10): warning C4566: символ, представленный универсальным именем символа "\u00F1", невозможно представить в текущей кодовой странице (1251)
C:\Users\Тимур\Desktop\классы\class12\3.h(111,10): warning C4566: символ, представленный универсальным именем символа "\u00F0", невозможно представить в текущей кодовой странице (1251)
C:\Users\Тимур\Desktop\классы\class12\3.h(111,10): warning C4566: символ, представленный универсальным именем символа "\u00E5", невозможно представить в текущей кодовой странице (1251)
C:\Users\Тимур\Desktop\классы\class12\3.h(111,10): warning C4566: символ, представленный универсальным именем символа "\u00E4", невозможно представить в текущей кодовой странице (1251)
C:\Users\Тимур\Desktop\классы\class12\3.h(111,10): warning C4566: символ, представленный универсальным именем символа "\u00ED", невозможно представить в текущей кодовой странице (1251)
C:\Users\Тимур\Desktop\классы\class12\3.h(111,10): warning C4566: символ, представленный универсальным именем символа "\u00F4", невозможно представить в текущей кодовой странице (1251)
C:\Users\Тимур\Desktop\классы\class12\3.h(111,10): warning C4566: символ, представленный универсальным именем символа "\u00F2", невозможно представить в текущей кодовой странице (1251)
C:\Users\Тимур\Desktop\классы\class12\3.h(111,10): warning C4566: символ, представленный универсальным именем символа "\u00F7", невозможно представить в текущей кодовой странице (1251)
C:\Users\Тимур\Desktop\классы\class12\3.h(111,10): warning C4566: символ, представленный универсальным именем символа "\u00EA", невозможно представить в текущей кодовой странице (1251)
C:\Users\Тимур\Desktop\классы\class12\3.h(111,10): warning C4566: символ, представленный универсальным именем символа "\u00E7", невозможно представить в текущей кодовой странице (1251)
C:\Users\Тимур\Desktop\классы\class12\3.h(111,10): warning C4566: символ, представленный универсальным именем символа "\u00EF", невозможно представить в текущей кодовой странице (1251)
C:\Users\Тимур\Desktop\классы\class12\3.h(111,10): warning C4566: символ, представленный универсальным именем символа "\u00F6", невозможно представить в текущей кодовой странице (1251)
C:\Users\Тимур\Desktop\классы\class12\3.h(111,10): warning C4566: символ, представленный универсальным именем символа "\u00E9", невозможно представить в текущей кодовой странице (1251)
C:\Users\Тимур\Desktop\классы\class12\3.h(111,10): warning C4566: символ, представленный универсальным именем символа "\u00EB", невозможно представить в текущей кодовой странице (1251)
C:\Users\Тимур\Desktop\классы\class12\3.h(113,10): warning C4566: символ, представленный универсальным именем символа "\u00CF", невозможно представить в текущей кодовой странице (1251)
C:\Users\Тимур\Desktop\классы\class12\3.h(113,10): warning C4566: символ, представленный универсальным именем символа "\u00EE", невозможно представить в текущей кодовой странице (1251)
C:\Users\Тимур\Desktop\классы\class12\3.h(113,10): warning C4566: символ, представленный универсальным именем символа "\u00EB", невозможно представить в текущей кодовой странице (1251)
C:\Users\Тимур\Desktop\классы\class12\3.h(113,10): warning C4566: символ, представленный универсальным именем символа "\u00F3", невозможно представить в текущей кодовой странице (1251)
C:\Users\Тимур\Desktop\классы\class12\3.h(113,10): warning C4566: символ, представленный универсальным именем символа "\u00F7", невозможно представить в текущей кодовой странице (1251)
C:\Users\Тимур\Desktop\классы\class12\3.h(113,10): warning C4566: символ, представленный универсальным именем символа "\u00E5", невозможно представить в текущей кодовой странице (1251)
C:\Users\Тимур\Desktop\классы\class12\3.h(113,10): warning C4566: символ, представленный универсальным именем символа "\u00ED", невозможно представить в текущей кодовой странице (1251)
C:\Users\Тимур\Desktop\классы\class12\3.h(113,10): warning C4566: символ, представленный универсальным именем символа "\u00FB", невозможно представить в текущей кодовой странице (1251)
C:\Users\Тимур\Desktop\классы\class12\3.h(113,10): warning C4566: символ, представленный универсальным именем символа "\u00E9", невозможно представить в текущей кодовой странице (1251)
C:\Users\Тимур\Desktop\классы\class12\3.h(113,10): warning C4566: символ, представленный универсальным именем символа "\u00F1", невозможно представить в текущей кодовой странице (1251)
C:\Users\Тимур\Desktop\классы\class12\3.h(113,10): warning C4566: символ, представленный универсальным именем символа "\u00EF", невозможно представить в текущей кодовой странице (1251)
C:\Users\Тимур\Desktop\классы\class12\3.h(113,10): warning C4566: символ, представленный универсальным именем символа "\u00E8", невозможно представить в текущей кодовой странице (1251)
C:\Users\Тимур\Desktop\классы\class12\3.h(113,10): warning C4566: символ, представленный универсальным именем символа "\u00EA", невозможно представить в текущей кодовой странице (1251)
C:\Users\Тимур\Desktop\классы\class12\3.h(115,10): warning C4566: символ, представленный универсальным именем символа "\u00D3", невозможно представить в текущей кодовой странице (1251)
C:\Users\Тимур\Desktop\классы\class12\3.h(115,10): warning C4566: символ, представленный универсальным именем символа "\u00E4", невозможно представить в текущей кодовой странице (1251)
C:\Users\Тимур\Desktop\классы\class12\3.h(115,10): warning C4566: символ, представленный универсальным именем символа "\u00E0", невозможно представить в текущей кодовой странице (1251)
C:\Users\Тимур\Desktop\классы\class12\3.h(115,10): warning C4566: символ, представленный универсальным именем символа "\u00EB", невозможно представить в текущей кодовой странице (1251)
C:\Users\Тимур\Desktop\классы\class12\3.h(115,10): warning C4566: символ, представленный универсальным именем символа "\u00E8", невозможно представить в текущей кодовой странице (1251)
C:\Users\Тимур\Desktop\классы\class12\3.h(115,10): warning C4566: символ, представленный универсальным именем символа "\u00EC", невозможно представить в текущей кодовой странице (1251)
C:\Users\Тимур\Desktop\классы\class12\3.h(115,10): warning C4566: символ, представленный универсальным именем символа "\u00FD", невозможно представить в текущей кодовой странице (1251)
C:\Users\Тимур\Desktop\классы\class12\3.h(115,10): warning C4566: символ, представленный универсальным именем символа "\u00E5", невозможно представить в текущей кодовой странице (1251)
C:\Users\Тимур\Desktop\классы\class12\3.h(115,10): warning C4566: символ, представленный универсальным именем символа "\u00ED", невозможно представить в текущей кодовой странице (1251)
C:\Users\Тимур\Desktop\классы\class12\3.h(115,10): warning C4566: символ, представленный универсальным именем символа "\u00F2", невозможно представить в текущей кодовой странице (1251)
C:\Users\Тимур\Desktop\классы\class12\3.h(115,10): warning C4566: символ, представленный универсальным именем символа "\u00EF", невозможно представить в текущей кодовой странице (1251)
C:\Users\Тимур\Desktop\классы\class12\3.h(115,10): warning C4566: символ, представленный универсальным именем символа "\u00EE", невозможно представить в текущей кодовой странице (1251)
C:\Users\Тимур\Desktop\классы\class12\3.h(115,10): warning C4566: символ, представленный универсальным именем символа "\u00E7", невозможно представить в текущей кодовой странице (1251)
C:\Users\Тимур\Desktop\классы\class12\3.h(115,10): warning C4566: символ, представленный универсальным именем символа "\u00F7", невозможно представить в текущей кодовой странице (1251)
C:\Users\Тимур\Desktop\классы\class12\3.h(115,10): warning C4566: символ, представленный универсальным именем символа "\u00FE", невозможно представить в текущей кодовой странице (1251)
C:\Users\Тимур\Desktop\классы\class12\3.h(115,10): warning C4566: символ, представленный универсальным именем символа "\u00E2", невозможно представить в текущей кодовой странице (1251)
C:\Users\Тимур\Desktop\классы\class12\3.h(117,10): warning C4566: символ, представленный универсальным именем символа "\u00CF", невозможно представить в текущей кодовой странице (1251)
C:\Users\Тимур\Desktop\классы\class12\3.h(117,10): warning C4566: символ, представленный универсальным именем символа "\u00EE", невозможно представить в текущей кодовой странице (1251)
C:\Users\Тимур\Desktop\классы\class12\3.h(117,10): warning C4566: символ, представленный универсальным именем символа "\u00EB", невозможно представить в текущей кодовой странице (1251)
C:\Users\Тимур\Desktop\классы\class12\3.h(117,10): warning C4566: символ, представленный универсальным именем символа "\u00F3", невозможно представить в текущей кодовой странице (1251)
C:\Users\Тимур\Desktop\классы\class12\3.h(117,10): warning C4566: символ, представленный универсальным именем символа "\u00F7", невозможно представить в текущей кодовой странице (1251)
C:\Users\Тимур\Desktop\классы\class12\3.h(117,10): warning C4566: символ, представленный универсальным именем символа "\u00E5", невозможно представить в текущей кодовой странице (1251)
C:\Users\Тимур\Desktop\классы\class12\3.h(117,10): warning C4566: символ, представленный универсальным именем символа "\u00ED", невозможно представить в текущей кодовой странице (1251)
C:\Users\Тимур\Desktop\классы\class12\3.h(117,10): warning C4566: символ, представленный универсальным именем символа "\u00FB", невозможно представить в текущей кодовой странице (1251)
C:\Users\Тимур\Desktop\классы\class12\3.h(117,10): warning C4566: символ, представленный универсальным именем символа "\u00E9", невозможно представить в текущей кодовой странице (1251)
C:\Users\Тимур\Desktop\классы\class12\3.h(117,10): warning C4566: символ, представленный универсальным именем символа "\u00F1", невозможно представить в текущей кодовой странице (1251)
C:\Users\Тимур\Desktop\классы\class12\3.h(117,10): warning C4566: символ, представленный универсальным именем символа "\u00EF", невозможно представить в текущей кодовой странице (1251)
C:\Users\Тимур\Desktop\классы\class12\3.h(117,10): warning C4566: символ, представленный универсальным именем символа "\u00E8", невозможно представить в текущей кодовой странице (1251)
C:\Users\Тимур\Desktop\классы\class12\3.h(117,10): warning C4566: символ, представленный универсальным именем символа "\u00EA", невозможно представить в текущей кодовой странице (1251)
C:\Users\Тимур\Desktop\классы\class12\3.h(119,10): warning C4566: символ, представленный универсальным именем символа "\u00C4", невозможно представить в текущей кодовой странице (1251)
C:\Users\Тимур\Desktop\классы\class12\3.h(119,10): warning C4566: символ, представленный универсальным именем символа "\u00EE", невозможно представить в текущей кодовой странице (1251)
C:\Users\Тимур\Desktop\классы\class12\3.h(119,10): warning C4566: символ, представленный универсальным именем символа "\u00E1", невозможно представить в текущей кодовой странице (1251)
C:\Users\Тимур\Desktop\классы\class12\3.h(119,10): warning C4566: символ, представленный универсальным именем символа "\u00E0", невозможно представить в текущей кодовой странице (1251)
C:\Users\Тимур\Desktop\классы\class12\3.h(119,10): warning C4566: символ, представленный универсальным именем символа "\u00E2", невозможно представить в текущей кодовой странице (1251)
C:\Users\Тимур\Desktop\классы\class12\3.h(119,10): warning C4566: символ, представленный универсальным именем символа "\u00E8", невозможно представить в текущей кодовой странице (1251)
C:\Users\Тимур\Desktop\классы\class12\3.h(119,10): warning C4566: символ, представленный универсальным именем символа "\u00EC", невозможно представить в текущей кодовой странице (1251)
C:\Users\Тимур\Desktop\классы\class12\3.h(119,10): warning C4566: символ, представленный универсальным именем символа "\u00F1", невозможно представить в текущей кодовой странице (1251)
C:\Users\Тимур\Desktop\классы\class12\3.h(119,10): warning C4566: символ, представленный универсальным именем символа "\u00F3", невозможно представить в текущей кодовой странице (1251)
C:\Users\Тимур\Desktop\классы\class12\3.h(119,10): warning C4566: символ, представленный универсальным именем символа "\u00FD", невозможно представить в текущей кодовой странице (1251)
C:\Users\Тимур\Desktop\классы\class12\3.h(119,10): warning C4566: символ, представленный универсальным именем символа "\u00EB", невозможно представить в текущей кодовой странице (1251)
C:\Users\Тимур\Desktop\классы\class12\3.h(119,10): warning C4566: символ, представленный универсальным именем символа "\u00E5", невозможно представить в текущей кодовой странице (1251)
C:\Users\Тимур\Desktop\классы\class12\3.h(119,10): warning C4566: символ, представленный универсальным именем символа "\u00ED", невозможно представить в текущей кодовой странице (1251)
C:\Users\Тимур\Desktop\классы\class12\3.h(119,10): warning C4566: символ, представленный универсальным именем символа "\u00F2", невозможно представить в текущей кодовой странице (1251)
C:\Users\Тимур\Desktop\классы\class12\3.h(119,10): warning C4566: символ, представленный универсальным именем символа "\u00EA", невозможно представить в текущей кодовой странице (1251)
C:\Users\Тимур\Desktop\классы\class12\3.h(119,10): warning C4566: символ, представленный универсальным именем символа "\u00E6", невозможно представить в текущей кодовой странице (1251)
C:\Users\Тимур\Desktop\классы\class12\3.h(119,10): warning C4566: символ, представленный универсальным именем символа "\u00E4", невозможно представить в текущей кодовой странице (1251)
C:\Users\Тимур\Desktop\классы\class12\3.h(121,10): warning C4566: символ, представленный универсальным именем символа "\u00CF", невозможно представить в текущей кодовой странице (1251)
C:\Users\Тимур\Desktop\классы\class12\3.h(121,10): warning C4566: символ, представленный универсальным именем символа "\u00EE", невозможно представить в текущей кодовой странице (1251)
C:\Users\Тимур\Desktop\классы\class12\3.h(121,10): warning C4566: символ, представленный универсальным именем символа "\u00EB", невозможно представить в текущей кодовой странице (1251)
C:\Users\Тимур\Desktop\классы\class12\3.h(121,10): warning C4566: символ, представленный универсальным именем символа "\u00F3", невозможно представить в текущей кодовой странице (1251)
C:\Users\Тимур\Desktop\классы\class12\3.h(121,10): warning C4566: символ, представленный универсальным именем символа "\u00F7", невозможно представить в текущей кодовой странице (1251)
C:\Users\Тимур\Desktop\классы\class12\3.h(121,10): warning C4566: символ, представленный универсальным именем символа "\u00E5", невозможно представить в текущей кодовой странице (1251)
C:\Users\Тимур\Desktop\классы\class12\3.h(121,10): warning C4566: символ, представленный универсальным именем символа "\u00ED", невозможно представить в текущей кодовой странице (1251)
C:\Users\Тимур\Desktop\классы\class12\3.h(121,10): warning C4566: символ, представленный универсальным именем символа "\u00FB", невозможно представить в текущей кодовой странице (1251)
C:\Users\Тимур\Desktop\классы\class12\3.h(121,10): warning C4566: символ, представленный универсальным именем символа "\u00E9", невозможно представить в текущей кодовой странице (1251)
C:\Users\Тимур\Desktop\классы\class12\3.h(121,10): warning C4566: символ, представленный универсальным именем символа "\u00F1", невозможно представить в текущей кодовой странице (1251)
C:\Users\Тимур\Desktop\классы\class12\3.h(121,10): warning C4566: символ, представленный универсальным именем символа "\u00EF", невозможно представить в текущей кодовой странице (1251)
C:\Users\Тимур\Desktop\классы\class12\3.h(121,10): warning C4566: символ, представленный универсальным именем символа "\u00E8", невозможно представить в текущей кодовой странице (1251)
C:\Users\Тимур\Desktop\классы\class12\3.h(121,10): warning C4566: символ, представленный универсальным именем символа "\u00EA", невозможно представить в текущей кодовой странице (1251)
C:\Users\Тимур\Desktop\классы\class12\1.h(82,22): error C2678: бинарный "+": не найден оператор, принимающий левый операнд типа "std::_Tree_const_iterator<std::_Tree_val<std::_Tree_simple_types<double>>>" (или приемлемое преобразование отсутствует)
C:\Users\Тимур\Desktop\классы\class12\Timeh.h(127,11): message : может быть "const Tim operator +(const double &,const Tim &)"
C:\Users\Тимур\Desktop\классы\class12\Timeh.h(122,11): message : или       "const Tim operator +(const Tim &,const double &)"
C:\Users\Тимур\Desktop\классы\class12\Timeh.h(117,11): message : или       "const Tim operator +(const int &,const Tim &)"
C:\Users\Тимур\Desktop\классы\class12\Timeh.h(112,11): message : или       "const Tim operator +(const Tim &,const int &)"
C:\Users\Тимур\Desktop\классы\class12\1.h(77,1): message : при попытке сопоставить список аргументов "(std::_Tree_const_iterator<std::_Tree_val<std::_Tree_simple_types<double>>>, int)"
C:\Users\Тимур\Desktop\классы\class12\1.h(29): message : выполняется компиляция ссылки на экземпляр шаблон функции "void Insert<double>(std::multiset<double,std::less<double>,std::allocator<double>> &)"
C:\Users\Тимур\Desktop\классы\class12\1.h(63,3): error C3892: i: невозможно присваивать значения переменной, которая объявлена как константа
C:\Users\Тимур\Desktop\классы\class12\1.h(37): message : выполняется компиляция ссылки на экземпляр шаблон функции "void plusMinMax<double>(std::multiset<double,std::less<double>,std::allocator<double>> &)"
C:\Users\Тимур\Desktop\классы\class12\1.h(82,22): error C2678: бинарный "+": не найден оператор, принимающий левый операнд типа "std::_Tree_const_iterator<std::_Tree_val<std::_Tree_simple_types<Tim>>>" (или приемлемое преобразование отсутствует)
C:\Users\Тимур\Desktop\классы\class12\Timeh.h(127,11): message : может быть "const Tim operator +(const double &,const Tim &)"
C:\Users\Тимур\Desktop\классы\class12\Timeh.h(122,11): message : или       "const Tim operator +(const Tim &,const double &)"
C:\Users\Тимур\Desktop\классы\class12\Timeh.h(117,11): message : или       "const Tim operator +(const int &,const Tim &)"
C:\Users\Тимур\Desktop\классы\class12\Timeh.h(112,11): message : или       "const Tim operator +(const Tim &,const int &)"
C:\Users\Тимур\Desktop\классы\class12\1.h(77,1): message : при попытке сопоставить список аргументов "(std::_Tree_const_iterator<std::_Tree_val<std::_Tree_simple_types<Tim>>>, int)"
C:\Users\Тимур\Desktop\классы\class12\2.h(15): message : выполняется компиляция ссылки на экземпляр шаблон функции "void Insert<Tim>(std::multiset<Tim,std::less<Tim>,std::allocator<Tim>> &)"
C:\Users\Тимур\Desktop\классы\class12\1.h(97,7): error C2678: бинарный "==": не найден оператор, принимающий левый операнд типа "const Tim" (или приемлемое преобразование отсутствует)
C:\Users\Тимур\Desktop\классы\class12\Timeh.h(154,11): message : может быть "bool Tim::operator ==(const Tim &)"
C:\Users\Тимур\Desktop\классы\class12\1.h(88,1): message : при попытке сопоставить список аргументов "(const Tim, Tim)"
C:\Users\Тимур\Desktop\классы\class12\2.h(19): message : выполняется компиляция ссылки на экземпляр шаблон функции "void DelElem<Tim>(std::multiset<Tim,std::less<Tim>,std::allocator<Tim>> &,int)"
C:\Users\Тимур\Desktop\классы\class12\1.h(53,12): error C2678: бинарный ">": не найден оператор, принимающий левый операнд типа "const Tim" (или приемлемое преобразование отсутствует)
C:\Users\Тимур\Desktop\классы\class12\Timeh.h(149,11): message : может быть "bool Tim::operator >(const Tim &)"
C:\Users\Тимур\Desktop\классы\class12\1.h(45,1): message : при попытке сопоставить список аргументов "(const Tim, Tim)"
C:\Users\Тимур\Desktop\классы\class12\2.h(23): message : выполняется компиляция ссылки на экземпляр шаблон функции "void plusMinMax<Tim>(std::multiset<Tim,std::less<Tim>,std::allocator<Tim>> &)"
C:\Users\Тимур\Desktop\классы\class12\1.h(63,3): error C2678: бинарный "=": не найден оператор, принимающий левый операнд типа "const Tim" (или приемлемое преобразование отсутствует)
C:\Users\Тимур\Desktop\классы\class12\Timeh.h(80,11): message : может быть "Tim &Tim::operator =(const Tim &)"
C:\Users\Тимур\Desktop\классы\class12\1.h(45,1): message : при попытке сопоставить список аргументов "(const Tim, Tim)"
C:\Users\Тимур\Desktop\классы\class12\3.h(58,1): warning C4267: =: преобразование из "size_t" в "int"; возможна потеря данных
C:\Users\Тимур\Desktop\классы\class12\3.h(56): message : во время компиляции функции-члена класс шаблон "void Myvector<Tim>::PushMidVal(void)"
C:\Users\Тимур\Desktop\классы\class12\3.h(112): message : выполняется компиляция ссылки на экземпляр шаблон функции "void Myvector<Tim>::PushMidVal(void)"
C:\Users\Тимур\Desktop\классы\class12\3.h(108): message : выполняется компиляция ссылки на экземпляр класс шаблон функции "Myvector<Tim>"
C:\Users\Тимур\Desktop\классы\class12\3.h(74,1): error C2678: бинарный "==": не найден оператор, принимающий левый операнд типа "const Tim" (или приемлемое преобразование отсутствует)
C:\Users\Тимур\Desktop\классы\class12\Timeh.h(154,11): message : может быть "bool Tim::operator ==(const Tim &)"
C:\Users\Тимур\Desktop\классы\class12\3.h(74,1): message : при попытке сопоставить список аргументов "(const Tim, T)"
          with
          [
              T=Tim
          ]
C:\Users\Тимур\Desktop\классы\class12\3.h(63): message : во время компиляции функции-члена класс шаблон "void Myvector<Tim>::DelElem(void)"
C:\Users\Тимур\Desktop\классы\class12\3.h(116): message : выполняется компиляция ссылки на экземпляр шаблон функции "void Myvector<Tim>::DelElem(void)"
C:\Users\Тимур\Desktop\классы\class12\3.h(77,1): warning C4267: =: преобразование из "size_t" в "int"; возможна потеря данных
C:\Users\Тимур\Desktop\классы\class12\3.h(90,1): error C2678: бинарный ">": не найден оператор, принимающий левый операнд типа "const Tim" (или приемлемое преобразование отсутствует)
C:\Users\Тимур\Desktop\классы\class12\Timeh.h(149,11): message : может быть "bool Tim::operator >(const Tim &)"
C:\Users\Тимур\Desktop\классы\class12\3.h(90,1): message : при попытке сопоставить список аргументов "(const Tim, T)"
          with
          [
              T=Tim
          ]
C:\Users\Тимур\Desktop\классы\class12\3.h(82): message : во время компиляции функции-члена класс шаблон "void Myvector<Tim>::plusMinMax(void)"
C:\Users\Тимур\Desktop\классы\class12\3.h(120): message : выполняется компиляция ссылки на экземпляр шаблон функции "void Myvector<Tim>::plusMinMax(void)"
C:\Users\Тимур\Desktop\классы\class12\3.h(99,1): error C2678: бинарный "-": не найден оператор, принимающий левый операнд типа "const Tim" (или приемлемое преобразование отсутствует)
C:\Users\Тимур\Desktop\классы\class12\Timeh.h(107,10): message : может быть "Tim Tim::operator -(const Tim &)"
C:\Users\Тимур\Desktop\классы\class12\3.h(99,1): message : при попытке сопоставить список аргументов "(const Tim, T)"
          with
          [
              T=Tim
          ]
